#
# A fatal error has been detected by the Java Runtime Environment:
#
#  EXCEPTION_ACCESS_VIOLATION (0xc0000005) at pc=0x00000000655a37d2, pid=6328, tid=0x00000000000011b0
#
# JRE version: Java(TM) SE Runtime Environment (8.0_201-b09) (build 1.8.0_201-b09)
# Java VM: Java HotSpot(TM) 64-Bit Server VM (25.201-b09 mixed mode windows-amd64 compressed oops)
# Problematic frame:
# V  [jvm.dll+0x637d2]
#
# Failed to write core dump. Minidumps are not enabled by default on client versions of Windows
#
# If you would like to submit a bug report, please visit:
#   http://bugreport.java.com/bugreport/crash.jsp
#

---------------  T H R E A D  ---------------

Current thread (0x0000000002cce800):  VMThread [stack: 0x000000001dde0000,0x000000001dee0000] [id=4528]

siginfo: ExceptionCode=0xc0000005, reading address 0x000000000cb68daa

Registers:
RAX=0x000000000cb68d6a, RBX=0x0000000000000000, RCX=0x000000002e09ff70, RDX=0x0000000000000000
RSP=0x000000001dedec80, RBP=0x0000000028e206a0, RSI=0x000000002e09ff70, RDI=0x000000000000000b
R8 =0x000000000000101c, R9 =0x0000000000000000, R10=0x0000000000008000, R11=0x0000000065b483e8
R12=0x0000000000000015, R13=0x0000000000000014, R14=0x0000000065b9b140, R15=0x0000000065d1ce80
RIP=0x00000000655a37d2, EFLAGS=0x0000000000010206

Top of Stack: (sp=0x000000001dedec80)
0x000000001dedec80:   0000000000000000 000000002e740028
0x000000001dedec90:   000000000000000b 0000000028e206a0
0x000000001dedeca0:   0000000000000000 0000000065d1ce01
0x000000001dedecb0:   0000000000000000 00000000655a3b4d
0x000000001dedecc0:   000000001dedee60 0000000000000006
0x000000001dedecd0:   0000000000000000 0000000065565a6e
0x000000001dedece0:   0000000065d1cf50 00000000655a41bf
0x000000001dedecf0:   0000000065b44600 0000000000000000
0x000000001deded00:   000000fba8ee20f1 00000000657ce7fd
0x000000001deded10:   0000000065b9b140 0000000000000000
0x000000001deded20:   0000000065d1cef0 00000000655b9982
0x000000001deded30:   0000000065d1cf50 000000001dedee60
0x000000001deded40:   0000000000000006 0000000000000000
0x000000001deded50:   0000000000000000 0000000065941e62
0x000000001deded60:   000000001c605520 0000000000000006
0x000000001deded70:   000000001c605520 0000000000000006 

Instructions: (pc=0x00000000655a37d2)
0x00000000655a37b2:   cc 4d 63 ec 0f 88 09 01 00 00 41 ff c4 90 48 8b
0x00000000655a37c2:   45 40 48 8b 48 18 4a 8b 34 e9 48 8b ce 48 8b 06
0x00000000655a37d2:   ff 50 40 84 c0 0f 85 dc 00 00 00 4c 8b 4d 40 45
0x00000000655a37e2:   8b c4 45 3b 21 7d 31 4a 8d 14 ed 08 00 00 00 66 


Register to memory mapping:

RAX=0x000000000cb68d6a is an unknown value
RBX=0x0000000000000000 is an unknown value
RCX=0x000000002e09ff70 is pointing into metadata
RDX=0x0000000000000000 is an unknown value
RSP=0x000000001dedec80 is an unknown value
RBP=0x0000000028e206a0 is an unknown value
RSI=0x000000002e09ff70 is pointing into metadata
RDI=0x000000000000000b is an unknown value
R8 =0x000000000000101c is an unknown value
R9 =0x0000000000000000 is an unknown value
R10=0x0000000000008000 is an unknown value
R11=0x0000000065b483e8 is an unknown value
R12=0x0000000000000015 is an unknown value
R13=0x0000000000000014 is an unknown value
R14=0x0000000065b9b140 is an unknown value
R15=0x0000000065d1ce80 is an unknown value


Stack: [0x000000001dde0000,0x000000001dee0000],  sp=0x000000001dedec80,  free space=1019k
Native frames: (J=compiled Java code, j=interpreted, Vv=VM code, C=native code)
V  [jvm.dll+0x637d2]
V  [jvm.dll+0x63b4d]
V  [jvm.dll+0x641bf]
V  [jvm.dll+0x79982]
V  [jvm.dll+0x401e62]
V  [jvm.dll+0x4031ca]
V  [jvm.dll+0x4037eb]
V  [jvm.dll+0x409535]
V  [jvm.dll+0x24d407]
V  [jvm.dll+0x24c6a6]
V  [jvm.dll+0x24cb41]
V  [jvm.dll+0x24cd5e]
V  [jvm.dll+0x29fb6a]
C  [msvcr100.dll+0x21db7]
C  [msvcr100.dll+0x21e53]
C  [KERNEL32.DLL+0x17bd4]
C  [ntdll.dll+0x6ce51]

VM_Operation (0x0000000026dfece0): ParallelGCSystemGC, mode: safepoint, requested by thread 0x0000000023eb4000


---------------  P R O C E S S  ---------------

Java Threads: ( => current thread )
  0x0000000023eb4000 JavaThread "Thread-2685" [_thread_blocked, id=15452, stack(0x0000000026d00000,0x0000000026e00000)]
  0x000000001fc0b800 JavaThread "http-nio-8088-AsyncTimeout" daemon [_thread_blocked, id=928, stack(0x00000000303d0000,0x00000000304d0000)]
  0x000000001fc07000 JavaThread "http-nio-8088-Acceptor-0" daemon [_thread_blocked, id=11004, stack(0x00000000302d0000,0x00000000303d0000)]
  0x0000000023eb3800 JavaThread "Log4j2-TF-62-Scheduled-29" daemon [_thread_blocked, id=3732, stack(0x0000000025c00000,0x0000000025d00000)]
  0x000000002479b800 JavaThread "File Watcher" daemon [_thread_blocked, id=13000, stack(0x0000000025300000,0x0000000025400000)]
  0x0000000023eb2800 JavaThread "File Watcher" daemon [_thread_blocked, id=8860, stack(0x0000000020bb0000,0x0000000020cb0000)]
  0x0000000024797000 JavaThread "File Watcher" daemon [_thread_blocked, id=4088, stack(0x0000000000bf0000,0x0000000000cf0000)]
  0x0000000024799800 JavaThread "DestroyJavaVM" [_thread_blocked, id=2696, stack(0x0000000002ad0000,0x0000000002bd0000)]
  0x0000000023eb5000 JavaThread "Live Reload Server" daemon [_thread_in_native, id=5196, stack(0x0000000026e00000,0x0000000026f00000)]
  0x000000001fc09800 JavaThread "Abandoned connection cleanup thread" daemon [_thread_blocked, id=10712, stack(0x0000000025000000,0x0000000025100000)]
  0x000000001ff53000 JavaThread "RMI Scheduler(0)" daemon [_thread_blocked, id=3696, stack(0x0000000021660000,0x0000000021760000)]
  0x000000001f669000 JavaThread "RMI TCP Accept-0" daemon [_thread_in_native, id=2228, stack(0x00000000205b0000,0x00000000206b0000)]
  0x000000001efe6000 JavaThread "Service Thread" daemon [_thread_blocked, id=17456, stack(0x000000001f4e0000,0x000000001f5e0000)]
  0x000000001ef51800 JavaThread "C1 CompilerThread2" daemon [_thread_blocked, id=6504, stack(0x000000001f3e0000,0x000000001f4e0000)]
  0x000000001ef4e800 JavaThread "C2 CompilerThread1" daemon [_thread_blocked, id=10232, stack(0x000000001f2e0000,0x000000001f3e0000)]
  0x000000001ef25800 JavaThread "C2 CompilerThread0" daemon [_thread_blocked, id=17848, stack(0x000000001f1e0000,0x000000001f2e0000)]
  0x000000001e151000 JavaThread "JDWP Command Reader" daemon [_thread_in_native, id=14304, stack(0x000000001e8e0000,0x000000001e9e0000)]
  0x000000001e14e800 JavaThread "JDWP Event Helper Thread" daemon [_thread_blocked, id=15296, stack(0x000000001e7e0000,0x000000001e8e0000)]
  0x000000001e144000 JavaThread "JDWP Transport Listener: dt_socket" daemon [_thread_blocked, id=12132, stack(0x000000001e6e0000,0x000000001e7e0000)]
  0x000000001e0ea000 JavaThread "Attach Listener" daemon [_thread_blocked, id=388, stack(0x000000001e5e0000,0x000000001e6e0000)]
  0x000000001e0e9800 JavaThread "Signal Dispatcher" daemon [_thread_blocked, id=7388, stack(0x000000001e4e0000,0x000000001e5e0000)]
  0x000000001c765000 JavaThread "Finalizer" daemon [_thread_blocked, id=13520, stack(0x000000001dfe0000,0x000000001e0e0000)]
  0x000000001c75c000 JavaThread "Reference Handler" daemon [_thread_blocked, id=380, stack(0x000000001dee0000,0x000000001dfe0000)]

Other Threads:
=>0x0000000002cce800 VMThread [stack: 0x000000001dde0000,0x000000001dee0000] [id=4528]
  0x000000001f67e800 WatcherThread [stack: 0x00000000206b0000,0x00000000207b0000] [id=4108]

VM state:at safepoint (normal execution)

VM Mutex/Monitor currently owned by a thread:  ([mutex/lock_event])
[0x0000000002bd2cd0] Threads_lock - owner thread: 0x0000000002cce800
[0x0000000002bd26d0] Heap_lock - owner thread: 0x0000000023eb4000

heap address: 0x00000006c0c00000, size: 4084 MB, Compressed Oops mode: Zero based, Oop shift amount: 3
Narrow klass base: 0x0000000000000000, Narrow klass shift: 3
Compressed class space size: 1073741824 Address: 0x00000007c0000000

Heap:
 PSYoungGen      total 784384K, used 26586K [0x000000076af00000, 0x00000007a0800000, 0x00000007c0000000)
  eden space 693248K, 0% used [0x000000076af00000,0x000000076af00000,0x0000000795400000)
  from space 91136K, 29% used [0x000000079af00000,0x000000079c8f68e0,0x00000007a0800000)
  to   space 92160K, 0% used [0x0000000795400000,0x0000000795400000,0x000000079ae00000)
 ParOldGen       total 860672K, used 609782K [0x00000006c0c00000, 0x00000006f5480000, 0x000000076af00000)
  object space 860672K, 70% used [0x00000006c0c00000,0x00000006e5f7da80,0x00000006f5480000)
 Metaspace       used 188165K, capacity 195811K, committed 195880K, reserved 1226752K
  class space    used 16856K, capacity 18417K, committed 18472K, reserved 1048576K

Card table byte_map: [0x0000000012290000,0x0000000012a90000] byte_map_base: 0x000000000ec8a000

Marking Bits: (ParMarkBitMap*) 0x0000000065d64ce0
 Begin Bits: [0x00000000135f0000, 0x00000000175c0000)
 End Bits:   [0x00000000175c0000, 0x000000001b590000)

Polling page: 0x00000000005f0000

CodeCache: size=245760Kb used=33913Kb max_used=33913Kb free=211846Kb
 bounds [0x0000000002ed0000, 0x0000000005000000, 0x0000000011ed0000]
 total_blobs=17083 nmethods=16434 adapters=569
 compilation: enabled

Compilation events (10 events):
Event: 15503.072 Thread 0x000000001ef51800 16785       1       io.netty.util.concurrent.DefaultPromise::access$000 (5 bytes)
Event: 15503.072 Thread 0x000000001ef51800 nmethod 16785 0x0000000004ff4090 code [0x0000000004ff41e0, 0x0000000004ff4308]
Event: 15503.594 Thread 0x000000001ef51800 16786   !   1       org.apache.catalina.core.ApplicationFilterConfig::release (210 bytes)
Event: 15503.595 Thread 0x000000001ef51800 nmethod 16786 0x0000000004ff43d0 code [0x0000000004ff4680, 0x0000000004ff54c8]
Event: 15503.595 Thread 0x000000001ef51800 16787   !   1       org.apache.catalina.core.ApplicationFilterConfig::unregisterJMX (104 bytes)
Event: 15503.596 Thread 0x000000001ef51800 nmethod 16787 0x0000000004ff6010 code [0x0000000004ff6200, 0x0000000004ff6898]
Event: 15503.601 Thread 0x000000001ef51800 16788       1       java.util.concurrent.locks.AbstractQueuedSynchronizer::addWaiter (50 bytes)
Event: 15503.601 Thread 0x000000001ef51800 nmethod 16788 0x0000000004ff6ed0 code [0x0000000004ff7040, 0x0000000004ff72e8]
Event: 15503.603 Thread 0x000000001ef51800 16789       1       java.util.concurrent.locks.AbstractQueuedSynchronizer$Node::<init> (15 bytes)
Event: 15503.603 Thread 0x000000001ef51800 nmethod 16789 0x0000000004ff73d0 code [0x0000000004ff7520, 0x0000000004ff7670]

GC Heap History (10 events):
Event: 15356.835 GC heap after
Heap after GC invocations=3940 (full 30):
 PSYoungGen      total 763904K, used 34670K [0x000000076af00000, 0x000000079fc80000, 0x00000007c0000000)
  eden space 666112K, 0% used [0x000000076af00000,0x000000076af00000,0x0000000793980000)
  from space 97792K, 35% used [0x0000000799d00000,0x000000079bedba80,0x000000079fc80000)
  to   space 99840K, 0% used [0x0000000793980000,0x0000000793980000,0x0000000799b00000)
 ParOldGen       total 860672K, used 609782K [0x00000006c0c00000, 0x00000006f5480000, 0x000000076af00000)
  object space 860672K, 70% used [0x00000006c0c00000,0x00000006e5f7da80,0x00000006f5480000)
 Metaspace       used 187994K, capacity 195613K, committed 195880K, reserved 1226752K
  class space    used 16846K, capacity 18415K, committed 18472K, reserved 1048576K
}
Event: 15405.368 GC heap before
{Heap before GC invocations=3941 (full 30):
 PSYoungGen      total 763904K, used 700782K [0x000000076af00000, 0x000000079fc80000, 0x00000007c0000000)
  eden space 666112K, 100% used [0x000000076af00000,0x0000000793980000,0x0000000793980000)
  from space 97792K, 35% used [0x0000000799d00000,0x000000079bedba80,0x000000079fc80000)
  to   space 99840K, 0% used [0x0000000793980000,0x0000000793980000,0x0000000799b00000)
 ParOldGen       total 860672K, used 609782K [0x00000006c0c00000, 0x00000006f5480000, 0x000000076af00000)
  object space 860672K, 70% used [0x00000006c0c00000,0x00000006e5f7da80,0x00000006f5480000)
 Metaspace       used 188163K, capacity 195805K, committed 195880K, reserved 1226752K
  class space    used 16856K, capacity 18415K, committed 18472K, reserved 1048576K
Event: 15405.381 GC heap after
Heap after GC invocations=3941 (full 30):
 PSYoungGen      total 765952K, used 53842K [0x000000076af00000, 0x00000007a0a80000, 0x00000007c0000000)
  eden space 666112K, 0% used [0x000000076af00000,0x000000076af00000,0x0000000793980000)
  from space 99840K, 53% used [0x0000000793980000,0x0000000796e14990,0x0000000799b00000)
  to   space 97792K, 0% used [0x000000079ab00000,0x000000079ab00000,0x00000007a0a80000)
 ParOldGen       total 860672K, used 609782K [0x00000006c0c00000, 0x00000006f5480000, 0x000000076af00000)
  object space 860672K, 70% used [0x00000006c0c00000,0x00000006e5f7da80,0x00000006f5480000)
 Metaspace       used 188163K, capacity 195805K, committed 195880K, reserved 1226752K
  class space    used 16856K, capacity 18415K, committed 18472K, reserved 1048576K
}
Event: 15451.334 GC heap before
{Heap before GC invocations=3942 (full 30):
 PSYoungGen      total 765952K, used 719954K [0x000000076af00000, 0x00000007a0a80000, 0x00000007c0000000)
  eden space 666112K, 100% used [0x000000076af00000,0x0000000793980000,0x0000000793980000)
  from space 99840K, 53% used [0x0000000793980000,0x0000000796e14990,0x0000000799b00000)
  to   space 97792K, 0% used [0x000000079ab00000,0x000000079ab00000,0x00000007a0a80000)
 ParOldGen       total 860672K, used 609782K [0x00000006c0c00000, 0x00000006f5480000, 0x000000076af00000)
  object space 860672K, 70% used [0x00000006c0c00000,0x00000006e5f7da80,0x00000006f5480000)
 Metaspace       used 188163K, capacity 195805K, committed 195880K, reserved 1226752K
  class space    used 16856K, capacity 18415K, committed 18472K, reserved 1048576K
Event: 15451.349 GC heap after
Heap after GC invocations=3942 (full 30):
 PSYoungGen      total 770048K, used 53794K [0x000000076af00000, 0x00000007a0200000, 0x00000007c0000000)
  eden space 680960K, 0% used [0x000000076af00000,0x000000076af00000,0x0000000794800000)
  from space 89088K, 60% used [0x000000079ab00000,0x000000079df88980,0x00000007a0200000)
  to   space 95232K, 0% used [0x0000000794800000,0x0000000794800000,0x000000079a500000)
 ParOldGen       total 860672K, used 609782K [0x00000006c0c00000, 0x00000006f5480000, 0x000000076af00000)
  object space 860672K, 70% used [0x00000006c0c00000,0x00000006e5f7da80,0x00000006f5480000)
 Metaspace       used 188163K, capacity 195805K, committed 195880K, reserved 1226752K
  class space    used 16856K, capacity 18415K, committed 18472K, reserved 1048576K
}
Event: 15498.048 GC heap before
{Heap before GC invocations=3943 (full 30):
 PSYoungGen      total 770048K, used 734754K [0x000000076af00000, 0x00000007a0200000, 0x00000007c0000000)
  eden space 680960K, 100% used [0x000000076af00000,0x0000000794800000,0x0000000794800000)
  from space 89088K, 60% used [0x000000079ab00000,0x000000079df88980,0x00000007a0200000)
  to   space 95232K, 0% used [0x0000000794800000,0x0000000794800000,0x000000079a500000)
 ParOldGen       total 860672K, used 609782K [0x00000006c0c00000, 0x00000006f5480000, 0x000000076af00000)
  object space 860672K, 70% used [0x00000006c0c00000,0x00000006e5f7da80,0x00000006f5480000)
 Metaspace       used 188163K, capacity 195805K, committed 195880K, reserved 1226752K
  class space    used 16856K, capacity 18415K, committed 18472K, reserved 1048576K
Event: 15498.060 GC heap after
Heap after GC invocations=3943 (full 30):
 PSYoungGen      total 776192K, used 53202K [0x000000076af00000, 0x00000007a0a00000, 0x00000007c0000000)
  eden space 680960K, 0% used [0x000000076af00000,0x000000076af00000,0x0000000794800000)
  from space 95232K, 55% used [0x0000000794800000,0x0000000797bf4970,0x000000079a500000)
  to   space 93184K, 0% used [0x000000079af00000,0x000000079af00000,0x00000007a0a00000)
 ParOldGen       total 860672K, used 609782K [0x00000006c0c00000, 0x00000006f5480000, 0x000000076af00000)
  object space 860672K, 70% used [0x00000006c0c00000,0x00000006e5f7da80,0x00000006f5480000)
 Metaspace       used 188163K, capacity 195805K, committed 195880K, reserved 1226752K
  class space    used 16856K, capacity 18415K, committed 18472K, reserved 1048576K
}
Event: 15503.603 GC heap before
{Heap before GC invocations=3944 (full 30):
 PSYoungGen      total 776192K, used 165086K [0x000000076af00000, 0x00000007a0a00000, 0x00000007c0000000)
  eden space 680960K, 16% used [0x000000076af00000,0x0000000771c42f30,0x0000000794800000)
  from space 95232K, 55% used [0x0000000794800000,0x0000000797bf4970,0x000000079a500000)
  to   space 93184K, 0% used [0x000000079af00000,0x000000079af00000,0x00000007a0a00000)
 ParOldGen       total 860672K, used 609782K [0x00000006c0c00000, 0x00000006f5480000, 0x000000076af00000)
  object space 860672K, 70% used [0x00000006c0c00000,0x00000006e5f7da80,0x00000006f5480000)
 Metaspace       used 188165K, capacity 195811K, committed 195880K, reserved 1226752K
  class space    used 16856K, capacity 18417K, committed 18472K, reserved 1048576K
Event: 15503.616 GC heap after
Heap after GC invocations=3944 (full 30):
 PSYoungGen      total 784384K, used 26586K [0x000000076af00000, 0x00000007a0800000, 0x00000007c0000000)
  eden space 693248K, 0% used [0x000000076af00000,0x000000076af00000,0x0000000795400000)
  from space 91136K, 29% used [0x000000079af00000,0x000000079c8f68e0,0x00000007a0800000)
  to   space 92160K, 0% used [0x0000000795400000,0x0000000795400000,0x000000079ae00000)
 ParOldGen       total 860672K, used 609782K [0x00000006c0c00000, 0x00000006f5480000, 0x000000076af00000)
  object space 860672K, 70% used [0x00000006c0c00000,0x00000006e5f7da80,0x00000006f5480000)
 Metaspace       used 188165K, capacity 195811K, committed 195880K, reserved 1226752K
  class space    used 16856K, capacity 18417K, committed 18472K, reserved 1048576K
}
Event: 15503.616 GC heap before
{Heap before GC invocations=3945 (full 31):
 PSYoungGen      total 784384K, used 26586K [0x000000076af00000, 0x00000007a0800000, 0x00000007c0000000)
  eden space 693248K, 0% used [0x000000076af00000,0x000000076af00000,0x0000000795400000)
  from space 91136K, 29% used [0x000000079af00000,0x000000079c8f68e0,0x00000007a0800000)
  to   space 92160K, 0% used [0x0000000795400000,0x0000000795400000,0x000000079ae00000)
 ParOldGen       total 860672K, used 609782K [0x00000006c0c00000, 0x00000006f5480000, 0x000000076af00000)
  object space 860672K, 70% used [0x00000006c0c00000,0x00000006e5f7da80,0x00000006f5480000)
 Metaspace       used 188165K, capacity 195811K, committed 195880K, reserved 1226752K
  class space    used 16856K, capacity 18417K, committed 18472K, reserved 1048576K

Deoptimization events (0 events):
No events

Classes redefined (10 events):
Event: 15349.818 Thread 0x0000000002cce800 redefined class name=com.tonbu.web.app.itsm.action.ApiAction, count=3
Event: 15349.930 Thread 0x0000000002cce800 redefined class name=com.tonbu.web.app.itsm.action.ApiAction, count=3
Event: 15350.040 Thread 0x0000000002cce800 redefined class name=com.tonbu.web.app.itsm.action.ApiAction, count=3
Event: 15350.152 Thread 0x0000000002cce800 redefined class name=com.tonbu.web.app.itsm.action.ApiAction, count=3
Event: 15350.264 Thread 0x0000000002cce800 redefined class name=com.tonbu.web.app.itsm.action.ApiAction, count=3
Event: 15350.374 Thread 0x0000000002cce800 redefined class name=com.tonbu.web.app.itsm.action.ApiAction, count=3
Event: 15350.486 Thread 0x0000000002cce800 redefined class name=com.tonbu.web.app.itsm.action.ApiAction, count=3
Event: 15350.597 Thread 0x0000000002cce800 redefined class name=com.tonbu.web.app.itsm.action.ApiAction, count=3
Event: 15350.709 Thread 0x0000000002cce800 redefined class name=com.tonbu.web.app.itsm.action.ApiAction, count=2
Event: 15350.820 Thread 0x0000000002cce800 redefined class name=com.tonbu.web.app.itsm.action.ApiAction, count=1

Internal exceptions (10 events):
Event: 15370.165 Thread 0x0000000024798000 Exception <a 'java/lang/ArrayIndexOutOfBoundsException'> (0x00000007744bff30) thrown at [C:\re\workspace\8-2-build-windows-amd64-cygwin\jdk8u201\12322\hotspot\src\share\vm\runtime\sharedRuntime.cpp, line 605]
Event: 15370.165 Thread 0x0000000024798000 Exception <a 'java/lang/ArrayIndexOutOfBoundsException'> (0x00000007744c2670) thrown at [C:\re\workspace\8-2-build-windows-amd64-cygwin\jdk8u201\12322\hotspot\src\share\vm\runtime\sharedRuntime.cpp, line 605]
Event: 15370.227 Thread 0x0000000024798000 Exception <a 'java/lang/AbstractMethodError': oracle.jdbc.driver.T4CConnection.getNetworkTimeout()I> (0x000000077451c570) thrown at [C:\re\workspace\8-2-build-windows-amd64-cygwin\jdk8u201\12322\hotspot\src\share\vm\interpreter\linkResolver.cpp, line 1330
Event: 15370.305 Thread 0x0000000024798000 Exception <a 'java/lang/ArrayIndexOutOfBoundsException'> (0x0000000774f5ea68) thrown at [C:\re\workspace\8-2-build-windows-amd64-cygwin\jdk8u201\12322\hotspot\src\share\vm\runtime\sharedRuntime.cpp, line 605]
Event: 15370.306 Thread 0x0000000024798000 Exception <a 'java/lang/ArrayIndexOutOfBoundsException'> (0x0000000774f60b58) thrown at [C:\re\workspace\8-2-build-windows-amd64-cygwin\jdk8u201\12322\hotspot\src\share\vm\runtime\sharedRuntime.cpp, line 605]
Event: 15370.307 Thread 0x0000000024798000 Exception <a 'java/lang/ArrayIndexOutOfBoundsException'> (0x0000000774f72160) thrown at [C:\re\workspace\8-2-build-windows-amd64-cygwin\jdk8u201\12322\hotspot\src\share\vm\runtime\sharedRuntime.cpp, line 605]
Event: 15370.307 Thread 0x0000000024798000 Exception <a 'java/lang/ArrayIndexOutOfBoundsException'> (0x0000000774f73c60) thrown at [C:\re\workspace\8-2-build-windows-amd64-cygwin\jdk8u201\12322\hotspot\src\share\vm\runtime\sharedRuntime.cpp, line 605]
Event: 15374.307 Thread 0x0000000023eb9000 Exception <a 'java/net/ConnectException': Connection timed out: connect> (0x00000007787ea740) thrown at [C:\re\workspace\8-2-build-windows-amd64-cygwin\jdk8u201\12322\hotspot\src\share\vm\prims\jni.cpp, line 735]
Event: 15503.592 Thread 0x0000000023eb7000 Exception <a 'java/lang/InterruptedException': sleep interrupted> (0x000000076f1253b8) thrown at [C:\re\workspace\8-2-build-windows-amd64-cygwin\jdk8u201\12322\hotspot\src\share\vm\prims\jvm.cpp, line 3340]
Event: 15503.603 Thread 0x0000000023eb2000 Exception <a 'java/lang/InterruptedException': sleep interrupted> (0x0000000771b4fc40) thrown at [C:\re\workspace\8-2-build-windows-amd64-cygwin\jdk8u201\12322\hotspot\src\share\vm\prims\jvm.cpp, line 3340]

Events (10 events):
Event: 15503.603 Thread 0x000000002479c800 DEOPT PACKING pc=0x00000000047ca75c sp=0x0000000000bef570
Event: 15503.603 Thread 0x000000002479a000 DEOPT UNPACKING pc=0x0000000002f17490 sp=0x0000000026fff010 mode 1
Event: 15503.603 Thread 0x000000002479c800 DEOPT UNPACKING pc=0x0000000002f17490 sp=0x0000000000bef320 mode 1
Event: 15503.603 Thread 0x000000002479a000 DEOPT PACKING pc=0x0000000004137fec sp=0x0000000026fff380
Event: 15503.603 Thread 0x000000002479c800 DEOPT PACKING pc=0x0000000004137fec sp=0x0000000000bef690
Event: 15503.603 Thread 0x000000002479a000 DEOPT UNPACKING pc=0x0000000002f17490 sp=0x0000000026fff120 mode 1
Event: 15503.603 Thread 0x000000002479c800 DEOPT UNPACKING pc=0x0000000002f17490 sp=0x0000000000bef430 mode 1
Event: 15503.603 Thread 0x000000002479a000 Thread exited: 0x000000002479a000
Event: 15503.603 Thread 0x000000002479c800 Thread exited: 0x000000002479c800
Event: 15503.603 Executing VM operation: ParallelGCSystemGC


Dynamic libraries:
0x00007ff6a3aa0000 - 0x00007ff6a3ad7000 	C:\Program Files\Java\jdk1.8.0_201\bin\java.exe
0x00007ff8af340000 - 0x00007ff8af530000 	C:\WINDOWS\SYSTEM32\ntdll.dll
0x00007ff8ad9c0000 - 0x00007ff8ada72000 	C:\WINDOWS\System32\KERNEL32.DLL
0x00007ff8ac900000 - 0x00007ff8acba4000 	C:\WINDOWS\System32\KERNELBASE.dll
0x00007ff8ae910000 - 0x00007ff8ae9b3000 	C:\WINDOWS\System32\ADVAPI32.dll
0x00007ff8af0c0000 - 0x00007ff8af15e000 	C:\WINDOWS\System32\msvcrt.dll
0x00007ff8ae9d0000 - 0x00007ff8aea67000 	C:\WINDOWS\System32\sechost.dll
0x00007ff8ada80000 - 0x00007ff8adba0000 	C:\WINDOWS\System32\RPCRT4.dll
0x00007ff8ae2f0000 - 0x00007ff8ae484000 	C:\WINDOWS\System32\USER32.dll
0x00007ff8ac2d0000 - 0x00007ff8ac2f1000 	C:\WINDOWS\System32\win32u.dll
0x00007ff8af010000 - 0x00007ff8af036000 	C:\WINDOWS\System32\GDI32.dll
0x00007ff8ac5e0000 - 0x00007ff8ac774000 	C:\WINDOWS\System32\gdi32full.dll
0x00007ff8ad350000 - 0x00007ff8ad3ee000 	C:\WINDOWS\System32\msvcp_win.dll
0x00007ff8ac300000 - 0x00007ff8ac3fa000 	C:\WINDOWS\System32\ucrtbase.dll
0x00007ff8a3270000 - 0x00007ff8a34f4000 	C:\WINDOWS\WinSxS\amd64_microsoft.windows.common-controls_6595b64144ccf1df_6.0.18362.836_none_e6c4b943130f18ed\COMCTL32.dll
0x00007ff8aecc0000 - 0x00007ff8aeff6000 	C:\WINDOWS\System32\combase.dll
0x00007ff8ac400000 - 0x00007ff8ac480000 	C:\WINDOWS\System32\bcryptPrimitives.dll
0x00007ff8ae8e0000 - 0x00007ff8ae90e000 	C:\WINDOWS\System32\IMM32.DLL
0x0000000065df0000 - 0x0000000065ec1000 	C:\Program Files\Java\jdk1.8.0_201\jre\bin\msvcr100.dll
0x0000000065540000 - 0x0000000065de4000 	C:\Program Files\Java\jdk1.8.0_201\jre\bin\server\jvm.dll
0x00007ff8ae9c0000 - 0x00007ff8ae9c8000 	C:\WINDOWS\System32\PSAPI.DLL
0x00007ff896da0000 - 0x00007ff896da9000 	C:\WINDOWS\SYSTEM32\WSOCK32.dll
0x00007ff8af050000 - 0x00007ff8af0bf000 	C:\WINDOWS\System32\WS2_32.dll
0x00007ff8a7d10000 - 0x00007ff8a7d34000 	C:\WINDOWS\SYSTEM32\WINMM.dll
0x00007ff8a61e0000 - 0x00007ff8a61ea000 	C:\WINDOWS\SYSTEM32\VERSION.dll
0x00007ff8a7c20000 - 0x00007ff8a7c4d000 	C:\WINDOWS\SYSTEM32\winmmbase.dll
0x00007ff8ac590000 - 0x00007ff8ac5da000 	C:\WINDOWS\System32\cfgmgr32.dll
0x00007ff89b710000 - 0x00007ff89b71f000 	C:\Program Files\Java\jdk1.8.0_201\jre\bin\verify.dll
0x00007ff891bc0000 - 0x00007ff891be9000 	C:\Program Files\Java\jdk1.8.0_201\jre\bin\java.dll
0x00007ff89bb80000 - 0x00007ff89bbb5000 	C:\Program Files\Java\jdk1.8.0_201\jre\bin\jdwp.dll
0x00007ff8a7d60000 - 0x00007ff8a7d68000 	C:\Program Files\Java\jdk1.8.0_201\jre\bin\npt.dll
0x00007ff89b8e0000 - 0x00007ff89b903000 	C:\Program Files\Java\jdk1.8.0_201\jre\bin\instrument.dll
0x00007ff893780000 - 0x00007ff893796000 	C:\Program Files\Java\jdk1.8.0_201\jre\bin\zip.dll
0x00007ff8adc00000 - 0x00007ff8ae2e4000 	C:\WINDOWS\System32\SHELL32.dll
0x00007ff8ae580000 - 0x00007ff8ae629000 	C:\WINDOWS\System32\shcore.dll
0x00007ff8acbb0000 - 0x00007ff8ad32e000 	C:\WINDOWS\System32\windows.storage.dll
0x00007ff8ac280000 - 0x00007ff8ac2a3000 	C:\WINDOWS\System32\profapi.dll
0x00007ff8ac230000 - 0x00007ff8ac27a000 	C:\WINDOWS\System32\powrprof.dll
0x00007ff8ac200000 - 0x00007ff8ac210000 	C:\WINDOWS\System32\UMPDC.dll
0x00007ff8af160000 - 0x00007ff8af1b2000 	C:\WINDOWS\System32\shlwapi.dll
0x00007ff8ac2b0000 - 0x00007ff8ac2c1000 	C:\WINDOWS\System32\kernel.appcore.dll
0x00007ff8ad330000 - 0x00007ff8ad347000 	C:\WINDOWS\System32\cryptsp.dll
0x00007ff8a7d50000 - 0x00007ff8a7d59000 	C:\Program Files\Java\jdk1.8.0_201\jre\bin\dt_socket.dll
0x00007ff8aba70000 - 0x00007ff8abad7000 	C:\WINDOWS\system32\mswsock.dll
0x00007ff892fb0000 - 0x00007ff892fca000 	C:\Program Files\Java\jdk1.8.0_201\jre\bin\net.dll
0x00007ff8a3680000 - 0x00007ff8a3856000 	C:\WINDOWS\SYSTEM32\urlmon.dll
0x00007ff8a0e60000 - 0x00007ff8a1106000 	C:\WINDOWS\SYSTEM32\iertutil.dll
0x00007ff8abc40000 - 0x00007ff8abc4c000 	C:\WINDOWS\SYSTEM32\CRYPTBASE.DLL
0x00007ff8ab7c0000 - 0x00007ff8ab88b000 	C:\WINDOWS\SYSTEM32\DNSAPI.dll
0x00007ff8af040000 - 0x00007ff8af048000 	C:\WINDOWS\System32\NSI.dll
0x00007ff8ab780000 - 0x00007ff8ab7ba000 	C:\WINDOWS\SYSTEM32\IPHLPAPI.DLL
0x00007ff8a6170000 - 0x00007ff8a617a000 	C:\Windows\System32\rasadhlp.dll
0x00007ff8a4730000 - 0x00007ff8a47a7000 	C:\WINDOWS\System32\fwpuclnt.dll
0x00007ff8ac8d0000 - 0x00007ff8ac8f6000 	C:\WINDOWS\System32\bcrypt.dll
0x00007ff89bcb0000 - 0x00007ff89bcbd000 	C:\Program Files\Java\jdk1.8.0_201\jre\bin\management.dll
0x00007ff890850000 - 0x00007ff890861000 	C:\Program Files\Java\jdk1.8.0_201\jre\bin\nio.dll
0x00007ff8ab5e0000 - 0x00007ff8ab613000 	C:\WINDOWS\system32\rsaenh.dll
0x00007ff8ac120000 - 0x00007ff8ac145000 	C:\WINDOWS\SYSTEM32\USERENV.dll
0x00007ff8a4ff0000 - 0x00007ff8a5006000 	C:\WINDOWS\SYSTEM32\dhcpcsvc6.DLL
0x00007ff8a4880000 - 0x00007ff8a489c000 	C:\WINDOWS\SYSTEM32\dhcpcsvc.DLL
0x00007ff896960000 - 0x00007ff896976000 	C:\WINDOWS\system32\napinsp.dll
0x00007ff8968d0000 - 0x00007ff8968ea000 	C:\WINDOWS\system32\pnrpnsp.dll
0x00007ff8968c0000 - 0x00007ff8968ce000 	C:\WINDOWS\System32\winrnr.dll
0x00007ff8a8d20000 - 0x00007ff8a8d3c000 	C:\WINDOWS\system32\NLAapi.dll
0x00007ff8a8010000 - 0x00007ff8a8025000 	C:\WINDOWS\system32\wshbth.dll
0x00007ff892e60000 - 0x00007ff892e84000 	C:\Program Files\Java\jdk1.8.0_201\jre\bin\sunec.dll
0x00007ff8a6fb0000 - 0x00007ff8a6fbb000 	C:\Program Files\Java\jdk1.8.0_201\jre\bin\sunmscapi.dll
0x00007ff8ac780000 - 0x00007ff8ac8c9000 	C:\WINDOWS\System32\CRYPT32.dll
0x00007ff8ac210000 - 0x00007ff8ac222000 	C:\WINDOWS\System32\MSASN1.dll
0x00007ff8a2e50000 - 0x00007ff8a3044000 	C:\WINDOWS\SYSTEM32\dbghelp.dll

VM Arguments:
jvm_args: -agentlib:jdwp=transport=dt_socket,address=127.0.0.1:60320,suspend=y,server=n -XX:TieredStopAtLevel=1 -Xverify:none -Dspring.output.ansi.enabled=always -Dcom.sun.management.jmxremote -Dspring.liveBeansView.mbeanDomain -Dspring.application.admin.enabled=true -javaagent:C:\Users\keke\.IntelliJIdea2019.1\system\captureAgent\debugger-agent.jar -Dfile.encoding=UTF-8 
java_command: com.tonbu.WebApplication
java_class_path (initial): C:\Program Files\Java\jdk1.8.0_201\jre\lib\charsets.jar;C:\Program Files\Java\jdk1.8.0_201\jre\lib\deploy.jar;C:\Program Files\Java\jdk1.8.0_201\jre\lib\ext\access-bridge-64.jar;C:\Program Files\Java\jdk1.8.0_201\jre\lib\ext\cldrdata.jar;C:\Program Files\Java\jdk1.8.0_201\jre\lib\ext\dnsns.jar;C:\Program Files\Java\jdk1.8.0_201\jre\lib\ext\jaccess.jar;C:\Program Files\Java\jdk1.8.0_201\jre\lib\ext\jfxrt.jar;C:\Program Files\Java\jdk1.8.0_201\jre\lib\ext\localedata.jar;C:\Program Files\Java\jdk1.8.0_201\jre\lib\ext\nashorn.jar;C:\Program Files\Java\jdk1.8.0_201\jre\lib\ext\sunec.jar;C:\Program Files\Java\jdk1.8.0_201\jre\lib\ext\sunjce_provider.jar;C:\Program Files\Java\jdk1.8.0_201\jre\lib\ext\sunmscapi.jar;C:\Program Files\Java\jdk1.8.0_201\jre\lib\ext\sunpkcs11.jar;C:\Program Files\Java\jdk1.8.0_201\jre\lib\ext\zipfs.jar;C:\Program Files\Java\jdk1.8.0_201\jre\lib\javaws.jar;C:\Program Files\Java\jdk1.8.0_201\jre\lib\jce.jar;C:\Program Files\Java\jdk1.8.0_201\jre\lib\jfr.jar;C:\Program Files\Java\jdk1.8.0_201\jre\lib\jfxswt.jar;C:\Program Files\Java\jdk1.8.0_201\jre\lib\jsse.jar;C:\Program Files\Java\jdk1.8.0_201\jre\lib\management-agent.jar;C:\Program Files\Java\jdk1.8.0_201\jre\lib\plugin.jar;C:\Program Files\Java\jdk1.8.0_201\jre\lib\resources.jar;C:\Program Files\Java\jdk1.8.0_201\jre\lib\rt.jar;D:\IdeaProjects\xfgl\xfgl-web\target\classes;D:\IdeaProjects\xfgl\xfgl-support\target\classes;D:\apache-maven\Repositorytonbu\org\apache\shiro\shiro-spring\1.4.0\shiro-spring-1.4.0.jar;D:\apache-maven\Repositorytonbu\org\apache\shiro\shiro-core\1.4.0\shiro-core-1.4.0.jar;D:\apache-maven\Repositorytonbu\org\apache\shiro\shiro-lang\1.4.0\shiro-lang-1.4.0.jar;D:\apache-maven\Repositorytonbu\org\apache\shiro\shiro-cache\1.4.0\shiro-cache-1.4.0.jar;D:\apache-maven\Repositorytonbu\org\apache\shiro\shiro-crypto-hash\1.4.0\shiro-crypto-hash-1.4.0.jar;D:\apache-maven\Repositorytonbu\org\apache\shiro\shiro-crypto-core\1.4.0\shiro-crypto-core-1.4.0.jar
Launcher Type: SUN_STANDARD

Environment Variables:
JAVA_HOME=C:\Program Files\Java\jdk1.8.0_201
CLASSPATH=.;C:\Program Files\Java\jdk1.8.0_201\lib;C:\Program Files\Java\jdk1.8.0_201\lib\dt.jar;C:\Program Files\Java\jdk1.8.0_201\lib\tools.jar;C:\apache-jmeter-5.1.1\lib\ext\ApacheJMeter_core.jar;C:\apache-jmeter-5.1.1\lib\jorphan.jar;C:\apache-jmeter-5.1.1\lib/logkit-2.0.jar;
PATH=D:\Program Files (x86)\NetSarang\Xftp 6\;D:\Oculus\Support\oculus-runtime;E:\app\keke\product\11.2.0\dbhome_1\bin;D:\Python37\Scripts\;D:\Python37\;C:\Ora10InstantClient;C:\Program Files (x86)\Common Files\Oracle\Java\javapath;C:\Windows\system32;C:\Windows;C:\Windows\System32\Wbem;C:\Windows\System32\WindowsPowerShell\v1.0\;C:\Program Files\Intel\WiFi\bin\;C:\Program Files\Common Files\Intel\WirelessCommon\;C:\Program Files\Java\jdk1.8.0_201\bin;C:\Program Files\Java\jdk1.8.0_201\jre\bin;C:\WINDOWS\system32;C:\WINDOWS;C:\WINDOWS\System32\Wbem;C:\WINDOWS\System32\WindowsPowerShell\v1.0\;C:\WINDOWS\System32\OpenSSH\;C:\Program Files\TortoiseSVN\bin;D:\apache-maven\apache-maven-3.6.0\bin;C:\ffmpeg\bin;E:\app\keke\product\11.2.0\dbhome_1\BIN;C:\Program Files\nodejs\;C:\WINDOWS\system32;C:\WINDOWS;C:\WINDOWS\System32\Wbem;C:\WINDOWS\System32\WindowsPowerShell\v1.0\;C:\WINDOWS\System32\OpenSSH\;C:\Program Files\MIT\Kerberos\bin;C:\Program Files\VisualSVN Server\bin;D:\Program Files\Git\cmd;C:\Program Files (x86)\ZeroTier\One\;C:\Users\keke\AppData\Local\Microsoft\WindowsApps;C:\Program Files\Intel\WiFi\bin\;C:\Program Files\Common Files\Intel\WirelessCommon\;C:\Users\keke\AppData\Roaming\npm;C:\Users\keke\AppData\Local\BypassRuntm
USERNAME=keke
OS=Windows_NT
PROCESSOR_IDENTIFIER=AMD64 Family 23 Model 113 Stepping 0, AuthenticAMD



---------------  S Y S T E M  ---------------

OS: Windows 10.0 , 64 bit Build 18362 (10.0.18362.778)

CPU:total 6 (initial active 6) (6 cores per cpu, 1 threads per core) family 23 model 113 stepping 0, cmov, cx8, fxsr, mmx, sse, sse2, sse3, ssse3, sse4.1, sse4.2, popcnt, avx, avx2, aes, clmul, mmxext, 3dnowpref, lzcnt, sse4a, tsc, tscinvbit, tscinv, bmi1

Memory: 4k page, physical 16727132k(4930012k free), swap 28261468k(2619580k free)

vm_info: Java HotSpot(TM) 64-Bit Server VM (25.201-b09) for windows-amd64 JRE (1.8.0_201-b09), built on Dec 15 2018 18:36:39 by "java_re" with MS VC++ 10.0 (VS2010)

time: Wed Jul 01 14:32:56 2020
timezone: 中国标准时间
elapsed time: 15503 seconds (0d 4h 18m 23s)

